
> vibe-generated-app@1.0.0 dev
> vite


  VITE v5.4.20  ready in 200 ms

  ➜  Local:   http://localhost:3000/
  ➜  Network: http://172.20.58.221:3000/
7:12:39 PM [vite] Pre-transform error: [postcss] /home/workspace/src/index.css:40:5: The `hover:border-[var(--cyan)]/60` class does not exist. If `hover:border-[var(--cyan)]/60` is a custom class, make sure it is defined within a `@layer` directive.
7:12:42 PM [vite] Internal server error: [postcss] /home/workspace/src/index.css:40:5: The `hover:border-[var(--cyan)]/60` class does not exist. If `hover:border-[var(--cyan)]/60` is a custom class, make sure it is defined within a `@layer` directive.
  Plugin: vite:css
  File: /home/workspace/src/index.css:40:4
  38 |    }
  39 |    .btn-outline {
  40 |      @apply btn border border-[var(--border)] text-[var(--text)] hover:border-[var(--cyan)]/60 hover:text-[var(--cyan)];
     |      ^
  41 |      background: linear-gradient(#0A0A0F,#0A0A0F) padding-box,
  42 |                 linear-gradient(180deg, rgba(255,255,255,0.12), rgba(255,255,255,0.02)) border-box;
      at Input.error (/home/workspace/node_modules/postcss/lib/input.js:135:16)
      at AtRule.error (/home/workspace/node_modules/postcss/lib/node.js:146:32)
      at processApply (/home/workspace/node_modules/tailwindcss/lib/lib/expandApplyAtRules.js:380:29)
      at /home/workspace/node_modules/tailwindcss/lib/lib/expandApplyAtRules.js:551:9
      at /home/workspace/node_modules/tailwindcss/lib/processTailwindFeatures.js:55:50
      at async plugins (/home/workspace/node_modules/tailwindcss/lib/plugin.js:38:17)
      at async LazyResult.runAsync (/home/workspace/node_modules/postcss/lib/lazy-result.js:293:11)
      at async compileCSS (file:///home/workspace/node_modules/vite/dist/node/chunks/dep-D_zLpgQd.js:36898:21)
      at async TransformPluginContext.transform (file:///home/workspace/node_modules/vite/dist/node/chunks/dep-D_zLpgQd.js:36171:11)
      at async PluginContainer.transform (file:///home/workspace/node_modules/vite/dist/node/chunks/dep-D_zLpgQd.js:49099:18)
7:13:09 PM [vite] Internal server error: [postcss] /home/workspace/src/index.css:40:5: The `hover:border-[var(--cyan)]/60` class does not exist. If `hover:border-[var(--cyan)]/60` is a custom class, make sure it is defined within a `@layer` directive.
  Plugin: vite:css
  File: /home/workspace/src/index.css:40:4
  38 |    }
  39 |    .btn-outline {
  40 |      @apply btn border border-[var(--border)] text-[var(--text)] hover:border-[var(--cyan)]/60 hover:text-[var(--cyan)];
     |      ^
  41 |      background: linear-gradient(#0A0A0F,#0A0A0F) padding-box,
  42 |                 linear-gradient(180deg, rgba(255,255,255,0.12), rgba(255,255,255,0.02)) border-box;
      at Input.error (/home/workspace/node_modules/postcss/lib/input.js:135:16)
      at AtRule.error (/home/workspace/node_modules/postcss/lib/node.js:146:32)
      at processApply (/home/workspace/node_modules/tailwindcss/lib/lib/expandApplyAtRules.js:380:29)
      at /home/workspace/node_modules/tailwindcss/lib/lib/expandApplyAtRules.js:551:9
      at /home/workspace/node_modules/tailwindcss/lib/processTailwindFeatures.js:55:50
      at async plugins (/home/workspace/node_modules/tailwindcss/lib/plugin.js:38:17)
      at async LazyResult.runAsync (/home/workspace/node_modules/postcss/lib/lazy-result.js:293:11)
      at async compileCSS (file:///home/workspace/node_modules/vite/dist/node/chunks/dep-D_zLpgQd.js:36898:21)
      at async TransformPluginContext.transform (file:///home/workspace/node_modules/vite/dist/node/chunks/dep-D_zLpgQd.js:36171:11)
      at async PluginContainer.transform (file:///home/workspace/node_modules/vite/dist/node/chunks/dep-D_zLpgQd.js:49099:18)
